<?xml version="1.0" encoding="UTF-8"?>
<Site BuildName="(empty)"
	BuildStamp="20251106-1816-Experimental"
	Name="carlos-HP-EliteBook-x360-830-G6"
	Generator="ctest-3.28.3"
	CompilerName="/usr/bin/c++"
	CompilerVersion="13.3.0"
	OSName="Linux"
	Hostname="carlos-HP-EliteBook-x360-830-G6"
	OSRelease="6.8.0-87-generic"
	OSVersion="#88-Ubuntu SMP PREEMPT_DYNAMIC Sat Oct 11 09:28:41 UTC 2025"
	OSPlatform="x86_64"
	Is64Bits="1"
	VendorString="GenuineIntel"
	VendorID="Intel Corporation"
	FamilyID="6"
	ModelID="142"
	ProcessorCacheSize="8192"
	NumberOfLogicalCPU="8"
	NumberOfPhysicalCPU="4"
	TotalVirtualMemory="15257"
	TotalPhysicalMemory="15808"
	LogicalProcessorsPerPhysical="2"
	ProcessorClockFrequency="3200.51"
	>
	<Testing>
		<StartDateTime>Nov 06 13:16 -05</StartDateTime>
		<StartTestTime>1762452996</StartTestTime>
		<TestList/>
		<EndDateTime>Nov 06 13:16 -05</EndDateTime>
		<EndTestTime>1762452996</EndTestTime>
		<ElapsedMinutes>0</ElapsedMinutes>
	</Testing>
</Site>
